<?xml version="1.0" encoding="UTF-8"?>
<!-- Generated by org.testng.reporters.JUnitXMLReporter -->
<testsuite ignored="0" hostname="RUTIK" failures="0" tests="31" name="ReqresAPISuite" time="6.888" errors="0" timestamp="2022-11-01T10:33:39 IST">
  <testcase classname="com.reqres.testCases.TC01_Get_User" name="checkContentEncoding" time="0.007"/>
  <testcase classname="com.reqres.testCases.TC01_Get_User" name="checkContentType" time="0.001"/>
  <testcase classname="com.reqres.testCases.TC01_Get_User" name="checkResponseBody" time="0.095"/>
  <testcase classname="com.reqres.testCases.TC01_Get_User" name="checkResponseTime" time="0.002"/>
  <testcase classname="com.reqres.testCases.TC01_Get_User" name="checkServer" time="0.004"/>
  <testcase classname="com.reqres.testCases.TC01_Get_User" name="checkStatusCode" time="0.004"/>
  <testcase classname="com.reqres.testCases.TC01_Get_User" name="checkStatusLine" time="0.002"/>
  <testcase classname="com.reqres.testCases.TC04_Update_User_Record" name="checkContentType" time="0.003"/>
  <testcase classname="com.reqres.testCases.TC04_Update_User_Record" name="checkResponseBody" time="0.005"/>
  <testcase classname="com.reqres.testCases.TC04_Update_User_Record" name="checkResponseTime" time="0.003"/>
  <testcase classname="com.reqres.testCases.TC04_Update_User_Record" name="checkServer" time="0.002"/>
  <testcase classname="com.reqres.testCases.TC04_Update_User_Record" name="checkStatusCode" time="0.003"/>
  <testcase classname="com.reqres.testCases.TC04_Update_User_Record" name="checkStatusLine" time="0.003"/>
  <testcase classname="com.reqres.testCases.TC05_Delete_User_Record" name="checkResponseBody" time="0.004"/>
  <testcase classname="com.reqres.testCases.TC05_Delete_User_Record" name="checkResponseTime" time="0.001"/>
  <testcase classname="com.reqres.testCases.TC05_Delete_User_Record" name="checkServer" time="0.003"/>
  <testcase classname="com.reqres.testCases.TC05_Delete_User_Record" name="checkStatusCode" time="0.001"/>
  <testcase classname="com.reqres.testCases.TC05_Delete_User_Record" name="checkStatusLine" time="0.003"/>
  <testcase classname="com.reqres.testCases.TC03_Create_User" name="checkContentType" time="0.003"/>
  <testcase classname="com.reqres.testCases.TC03_Create_User" name="checkResponseBody" time="0.004"/>
  <testcase classname="com.reqres.testCases.TC03_Create_User" name="checkResponseTime" time="0.002"/>
  <testcase classname="com.reqres.testCases.TC03_Create_User" name="checkServer" time="0.002"/>
  <testcase classname="com.reqres.testCases.TC03_Create_User" name="checkStatusCode" time="0.002"/>
  <testcase classname="com.reqres.testCases.TC03_Create_User" name="checkStatusLine" time="0.002"/>
  <testcase classname="com.reqres.testCases.TC02_Get_Single_User" name="checkContentEncoding" time="0.003"/>
  <testcase classname="com.reqres.testCases.TC02_Get_Single_User" name="checkContentType" time="0.002"/>
  <testcase classname="com.reqres.testCases.TC02_Get_Single_User" name="checkResponseBody" time="0.003"/>
  <testcase classname="com.reqres.testCases.TC02_Get_Single_User" name="checkResponseTime" time="0.003"/>
  <testcase classname="com.reqres.testCases.TC02_Get_Single_User" name="checkServer" time="0.002"/>
  <testcase classname="com.reqres.testCases.TC02_Get_Single_User" name="checkStatusCode" time="0.002"/>
  <testcase classname="com.reqres.testCases.TC02_Get_Single_User" name="checkStatusLine" time="0.002"/>
</testsuite> <!-- ReqresAPISuite -->
